\BOOKMARK [0][-]{chapter*.1}{\376\377\000A\000C\000K\000N\000O\000W\000L\000E\000D\000G\000M\000E\000N\000T\000S}{}% 1
\BOOKMARK [0][-]{chapter*.2}{\376\377\000A\000B\000S\000T\000R\000A\000C\000T}{}% 2
\BOOKMARK [0][-]{chapter.3}{\376\377\000I\000n\000t\000r\000o\000d\000u\000c\000t\000i\000o\000n}{}% 3
\BOOKMARK [1][-]{section.4}{\376\377\000P\000r\000o\000b\000l\000e\000m\000\040\000D\000e\000s\000c\000r\000i\000p\000t\000i\000o\000n\000\040\000a\000n\000d\000\040\000M\000o\000t\000i\000v\000a\000t\000i\000o\000n}{chapter.3}% 4
\BOOKMARK [1][-]{section.5}{\376\377\000R\000e\000s\000e\000a\000r\000c\000h\000\040\000Q\000u\000e\000s\000t\000i\000o\000n\000s}{chapter.3}% 5
\BOOKMARK [1][-]{section.10}{\376\377\000O\000b\000j\000e\000c\000t\000i\000v\000e\000s\000\040\000o\000f\000\040\000t\000h\000e\000\040\000S\000t\000u\000d\000y}{chapter.3}% 6
\BOOKMARK [1][-]{section.15}{\376\377\000S\000i\000g\000n\000i\000f\000i\000c\000a\000n\000c\000e\000\040\000o\000f\000\040\000t\000h\000e\000\040\000S\000t\000u\000d\000y}{chapter.3}% 7
\BOOKMARK [1][-]{section.16}{\376\377\000A\000l\000i\000g\000n\000m\000e\000n\000t\000\040\000B\000e\000t\000w\000e\000e\000n\000\040\000R\000e\000s\000e\000a\000r\000c\000h\000\040\000Q\000u\000e\000s\000t\000i\000o\000n\000s\000\040\000a\000n\000d\000\040\000E\000v\000a\000l\000u\000a\000t\000i\000o\000n}{chapter.3}% 8
\BOOKMARK [0][-]{chapter.18}{\376\377\000B\000a\000c\000k\000g\000r\000o\000u\000n\000d\000\040\000a\000n\000d\000\040\000R\000e\000l\000a\000t\000e\000d\000\040\000W\000o\000r\000k}{}% 9
\BOOKMARK [1][-]{section.19}{\376\377\000R\000e\000t\000r\000i\000e\000v\000a\000l\000-\000A\000u\000g\000m\000e\000n\000t\000e\000d\000\040\000G\000e\000n\000e\000r\000a\000t\000i\000o\000n}{chapter.18}% 10
\BOOKMARK [1][-]{section.20}{\376\377\000E\000m\000b\000e\000d\000d\000i\000n\000g\000\040\000M\000o\000d\000e\000l\000s\000\040\000a\000n\000d\000\040\000V\000e\000c\000t\000o\000r\000\040\000S\000e\000a\000r\000c\000h}{chapter.18}% 11
\BOOKMARK [1][-]{section.21}{\376\377\000H\000y\000b\000r\000i\000d\000\040\000R\000e\000t\000r\000i\000e\000v\000a\000l\000\040\000a\000n\000d\000\040\000R\000e\000r\000a\000n\000k\000i\000n\000g}{chapter.18}% 12
\BOOKMARK [1][-]{section.22}{\376\377\000R\000A\000G\000\040\000E\000v\000a\000l\000u\000a\000t\000i\000o\000n\000\040\000M\000e\000t\000h\000o\000d\000o\000l\000o\000g\000i\000e\000s}{chapter.18}% 13
\BOOKMARK [1][-]{section.23}{\376\377\000D\000a\000t\000a\000\040\000a\000n\000d\000\040\000C\000o\000n\000c\000e\000p\000t\000\040\000D\000r\000i\000f\000t\000\040\000i\000n\000\040\000R\000e\000t\000r\000i\000e\000v\000a\000l\000\040\000S\000y\000s\000t\000e\000m\000s}{chapter.18}% 14
\BOOKMARK [1][-]{section.24}{\376\377\000H\000a\000l\000l\000u\000c\000i\000n\000a\000t\000i\000o\000n\000\040\000D\000e\000t\000e\000c\000t\000i\000o\000n\000\040\000a\000n\000d\000\040\000F\000a\000i\000t\000h\000f\000u\000l\000n\000e\000s\000s\000\040\000V\000e\000r\000i\000f\000i\000c\000a\000t\000i\000o\000n}{chapter.18}% 15
\BOOKMARK [1][-]{section.25}{\376\377\000M\000L\000O\000p\000s\000\040\000a\000n\000d\000\040\000P\000r\000o\000d\000u\000c\000t\000i\000o\000n\000\040\000M\000a\000c\000h\000i\000n\000e\000\040\000L\000e\000a\000r\000n\000i\000n\000g\000\040\000S\000y\000s\000t\000e\000m\000s}{chapter.18}% 16
\BOOKMARK [1][-]{section.26}{\376\377\000R\000e\000s\000e\000a\000r\000c\000h\000\040\000G\000a\000p}{chapter.18}% 17
\BOOKMARK [2][-]{subsection.27}{\376\377\000C\000l\000o\000s\000e\000s\000t\000\040\000P\000r\000i\000o\000r\000\040\000S\000y\000s\000t\000e\000m\000s}{section.26}% 18
\BOOKMARK [0][-]{chapter.35}{\376\377\000M\000e\000t\000h\000o\000d\000o\000l\000o\000g\000y}{}% 19
\BOOKMARK [1][-]{section.36}{\376\377\000O\000v\000e\000r\000v\000i\000e\000w\000\040\000o\000f\000\040\000T\000e\000c\000h\000n\000i\000c\000a\000l\000\040\000A\000p\000p\000r\000o\000a\000c\000h}{chapter.35}% 20
\BOOKMARK [1][-]{section.37}{\376\377\000W\000h\000y\000\040\000T\000h\000i\000s\000\040\000A\000p\000p\000r\000o\000a\000c\000h\000\040\000i\000s\000\040\000S\000u\000i\000t\000a\000b\000l\000e}{chapter.35}% 21
\BOOKMARK [1][-]{section.38}{\376\377\000T\000e\000c\000h\000n\000i\000c\000a\000l\000\040\000C\000o\000n\000t\000r\000i\000b\000u\000t\000i\000o\000n\000s\000\040\000a\000n\000d\000\040\000D\000e\000s\000i\000g\000n\000\040\000D\000e\000c\000i\000s\000i\000o\000n\000s}{chapter.35}% 22
\BOOKMARK [1][-]{section.39}{\376\377\000B\000a\000s\000e\000l\000i\000n\000e\000\040\000R\000e\000t\000r\000i\000e\000v\000a\000l\000\040\000C\000o\000n\000f\000i\000g\000u\000r\000a\000t\000i\000o\000n}{chapter.35}% 23
\BOOKMARK [1][-]{section.41}{\376\377\000I\000m\000p\000l\000e\000m\000e\000n\000t\000e\000d\000\040\000H\000y\000b\000r\000i\000d\000\040\000R\000e\000t\000r\000i\000e\000v\000a\000l\000\040\000C\000o\000n\000f\000i\000g\000u\000r\000a\000t\000i\000o\000n}{chapter.35}% 24
\BOOKMARK [1][-]{section.45}{\376\377\000H\000a\000l\000l\000u\000c\000i\000n\000a\000t\000i\000o\000n\000\040\000V\000e\000r\000i\000f\000i\000c\000a\000t\000i\000o\000n\000\040\000S\000t\000r\000a\000t\000e\000g\000y}{chapter.35}% 25
\BOOKMARK [1][-]{section.49}{\376\377\000O\000p\000t\000i\000m\000i\000z\000a\000t\000i\000o\000n\000\040\000O\000b\000j\000e\000c\000t\000i\000v\000e}{chapter.35}% 26
\BOOKMARK [1][-]{section.51}{\376\377\000T\000o\000o\000l\000\040\000S\000e\000l\000e\000c\000t\000i\000o\000n\000\040\000a\000n\000d\000\040\000I\000m\000p\000l\000e\000m\000e\000n\000t\000a\000t\000i\000o\000n\000\040\000S\000t\000a\000c\000k}{chapter.35}% 27
\BOOKMARK [1][-]{section.53}{\376\377\000S\000y\000s\000t\000e\000m\000\040\000C\000o\000n\000t\000e\000x\000t\000\040\000O\000v\000e\000r\000v\000i\000e\000w}{chapter.35}% 28
\BOOKMARK [0][-]{chapter.55}{\376\377\000S\000y\000s\000t\000e\000m\000\040\000A\000r\000c\000h\000i\000t\000e\000c\000t\000u\000r\000e\000\040\000a\000n\000d\000\040\000P\000i\000p\000e\000l\000i\000n\000e\000\040\000D\000e\000s\000i\000g\000n}{}% 29
\BOOKMARK [1][-]{section.56}{\376\377\000A\000r\000c\000h\000i\000t\000e\000c\000t\000u\000r\000a\000l\000\040\000O\000v\000e\000r\000v\000i\000e\000w}{chapter.55}% 30
\BOOKMARK [1][-]{section.58}{\376\377\000A\000l\000i\000g\000n\000m\000e\000n\000t\000\040\000w\000i\000t\000h\000\040\000t\000h\000e\000\040\000A\000W\000S\000\040\000W\000e\000l\000l\000-\000A\000r\000c\000h\000i\000t\000e\000c\000t\000e\000d\000\040\000F\000r\000a\000m\000e\000w\000o\000r\000k}{chapter.55}% 31
\BOOKMARK [1][-]{section.60}{\376\377\000D\000a\000t\000a\000\040\000S\000o\000u\000r\000c\000e\000s}{chapter.55}% 32
\BOOKMARK [1][-]{section.62}{\376\377\000D\000a\000t\000a\000\040\000E\000n\000g\000i\000n\000e\000e\000r\000i\000n\000g\000\040\000P\000i\000p\000e\000l\000i\000n\000e}{chapter.55}% 33
\BOOKMARK [2][-]{subsection.64}{\376\377\000I\000n\000g\000e\000s\000t\000i\000o\000n\000\040\000a\000n\000d\000\040\000D\000e\000c\000o\000u\000p\000l\000i\000n\000g}{section.62}% 34
\BOOKMARK [2][-]{subsection.65}{\376\377\000D\000o\000c\000u\000m\000e\000n\000t\000\040\000S\000t\000a\000t\000e\000\040\000L\000i\000f\000e\000c\000y\000c\000l\000e}{section.62}% 35
\BOOKMARK [2][-]{subsection.68}{\376\377\000P\000r\000e\000p\000r\000o\000c\000e\000s\000s\000i\000n\000g\000\040\000a\000n\000d\000\040\000C\000h\000u\000n\000k\000i\000n\000g}{section.62}% 36
\BOOKMARK [1][-]{section.70}{\376\377\000E\000m\000b\000e\000d\000d\000i\000n\000g\000\040\000a\000n\000d\000\040\000I\000n\000d\000e\000x\000i\000n\000g}{chapter.55}% 37
\BOOKMARK [1][-]{section.71}{\376\377\000S\000t\000o\000r\000a\000g\000e\000\040\000A\000r\000c\000h\000i\000t\000e\000c\000t\000u\000r\000e\000\040\000\050\000M\000e\000d\000a\000l\000l\000i\000o\000n\000\040\000L\000a\000y\000o\000u\000t\000\051}{chapter.55}% 38
\BOOKMARK [1][-]{section.73}{\376\377\000D\000a\000t\000a\000b\000a\000s\000e\000\040\000S\000c\000h\000e\000m\000a}{chapter.55}% 39
\BOOKMARK [1][-]{section.75}{\376\377\000P\000r\000o\000m\000p\000t\000\040\000C\000o\000n\000s\000t\000r\000u\000c\000t\000i\000o\000n\000\040\000a\000n\000d\000\040\000G\000r\000o\000u\000n\000d\000e\000d\000\040\000G\000e\000n\000e\000r\000a\000t\000i\000o\000n}{chapter.55}% 40
\BOOKMARK [1][-]{section.95}{\376\377\000L\000L\000M\000\040\000B\000a\000c\000k\000e\000n\000d\000\040\000F\000a\000l\000l\000b\000a\000c\000k\000\040\000C\000h\000a\000i\000n}{chapter.55}% 41
\BOOKMARK [1][-]{section.97}{\376\377\000D\000e\000p\000l\000o\000y\000m\000e\000n\000t\000,\000\040\000M\000o\000n\000i\000t\000o\000r\000i\000n\000g\000,\000\040\000a\000n\000d\000\040\000M\000L\000O\000p\000s}{chapter.55}% 42
\BOOKMARK [2][-]{subsection.99}{\376\377\000L\000L\000M\000\040\000G\000e\000n\000e\000r\000a\000t\000i\000o\000n\000\040\000C\000o\000n\000f\000i\000g\000u\000r\000a\000t\000i\000o\000n}{section.97}% 43
\BOOKMARK [2][-]{subsection.101}{\376\377\000D\000r\000i\000f\000t\000\040\000D\000e\000t\000e\000c\000t\000i\000o\000n\000\040\000a\000n\000d\000\040\000R\000e\000m\000e\000d\000i\000a\000t\000i\000o\000n}{section.97}% 44
\BOOKMARK [2][-]{subsection.103}{\376\377\000H\000e\000a\000l\000t\000h\000\040\000M\000o\000n\000i\000t\000o\000r\000i\000n\000g}{section.97}% 45
\BOOKMARK [2][-]{subsection.108}{\376\377\000C\000I\000/\000C\000D\000\040\000a\000n\000d\000\040\000D\000e\000p\000l\000o\000y\000m\000e\000n\000t\000\040\000A\000u\000t\000o\000m\000a\000t\000i\000o\000n}{section.97}% 46
\BOOKMARK [1][-]{section.113}{\376\377\000A\000W\000S\000\040\000C\000l\000o\000u\000d\000\040\000D\000e\000p\000l\000o\000y\000m\000e\000n\000t\000\040\000A\000r\000c\000h\000i\000t\000e\000c\000t\000u\000r\000e}{chapter.55}% 47
\BOOKMARK [1][-]{section.115}{\376\377\000U\000s\000e\000r\000\040\000I\000n\000t\000e\000r\000f\000a\000c\000e}{chapter.55}% 48
\BOOKMARK [0][-]{chapter.116}{\376\377\000E\000x\000p\000e\000r\000i\000m\000e\000n\000t\000a\000l\000\040\000P\000l\000a\000n\000\040\000a\000n\000d\000\040\000E\000v\000a\000l\000u\000a\000t\000i\000o\000n\000\040\000M\000e\000t\000r\000i\000c\000s}{}% 49
\BOOKMARK [1][-]{section.117}{\376\377\000E\000v\000a\000l\000u\000a\000t\000i\000o\000n\000\040\000O\000b\000j\000e\000c\000t\000i\000v\000e}{chapter.116}% 50
\BOOKMARK [1][-]{section.118}{\376\377\000E\000x\000p\000e\000r\000i\000m\000e\000n\000t\000a\000l\000\040\000C\000o\000n\000f\000i\000g\000u\000r\000a\000t\000i\000o\000n\000s}{chapter.116}% 51
\BOOKMARK [1][-]{section.120}{\376\377\000E\000v\000a\000l\000u\000a\000t\000i\000o\000n\000\040\000D\000a\000t\000a\000s\000e\000t}{chapter.116}% 52
\BOOKMARK [1][-]{section.121}{\376\377\000E\000v\000a\000l\000u\000a\000t\000i\000o\000n\000\040\000M\000e\000t\000r\000i\000c\000s}{chapter.116}% 53
\BOOKMARK [2][-]{subsection.123}{\376\377\000C\000o\000n\000t\000e\000x\000t\000\040\000P\000r\000e\000c\000i\000s\000i\000o\000n}{section.121}% 54
\BOOKMARK [2][-]{subsection.124}{\376\377\000F\000a\000i\000t\000h\000f\000u\000l\000n\000e\000s\000s\000\040\000a\000n\000d\000\040\000H\000a\000l\000l\000u\000c\000i\000n\000a\000t\000i\000o\000n\000\040\000V\000e\000r\000i\000f\000i\000c\000a\000t\000i\000o\000n}{section.121}% 55
\BOOKMARK [2][-]{subsection.125}{\376\377\000L\000a\000t\000e\000n\000c\000y}{section.121}% 56
\BOOKMARK [2][-]{subsection.126}{\376\377\000C\000o\000s\000t\000\040\000P\000e\000r\000\040\000Q\000u\000e\000r\000y}{section.121}% 57
\BOOKMARK [2][-]{subsection.127}{\376\377\000R\000e\000t\000r\000i\000e\000v\000a\000l\000\040\000M\000e\000t\000h\000o\000d\000\040\000A\000b\000l\000a\000t\000i\000o\000n}{section.121}% 58
\BOOKMARK [2][-]{subsection.128}{\376\377\000S\000e\000n\000s\000i\000t\000i\000v\000i\000t\000y\000\040\000A\000n\000a\000l\000y\000s\000i\000s\000\040\000\050\000D\000e\000s\000i\000g\000n\000-\000P\000h\000a\000s\000e\000,\000\040\000S\000u\000p\000e\000r\000s\000e\000d\000e\000d\000\051}{section.121}% 59
\BOOKMARK [2][-]{subsection.129}{\376\377\000S\000t\000a\000t\000i\000s\000t\000i\000c\000a\000l\000\040\000T\000e\000s\000t\000s\000\040\000f\000o\000r\000\040\000B\000a\000s\000e\000l\000i\000n\000e\000\040\000v\000s\000.\000\040\000H\000y\000b\000r\000i\000d\000\040\000C\000o\000m\000p\000a\000r\000i\000s\000o\000n}{section.121}% 60
\BOOKMARK [2][-]{subsection.133}{\376\377\000C\000i\000t\000a\000t\000i\000o\000n\000\040\000G\000r\000o\000u\000n\000d\000i\000n\000g\000\040\000w\000i\000t\000h\000\040\000P\000a\000r\000t\000i\000a\000l\000\040\000R\000e\000l\000e\000v\000a\000n\000c\000e}{section.121}% 61
\BOOKMARK [2][-]{subsection.134}{\376\377\000C\000o\000m\000p\000o\000s\000i\000t\000e\000\040\000P\000e\000r\000f\000o\000r\000m\000a\000n\000c\000e\000\040\000M\000e\000t\000r\000i\000c}{section.121}% 62
\BOOKMARK [2][-]{subsection.136}{\376\377\000D\000r\000i\000f\000t\000\040\000D\000e\000t\000e\000c\000t\000o\000r\000\040\000V\000a\000l\000i\000d\000a\000t\000i\000o\000n}{section.121}% 63
\BOOKMARK [2][-]{subsection.141}{\376\377\000M\000o\000n\000t\000h\000l\000y\000\040\000C\000o\000s\000t\000\040\000P\000r\000o\000j\000e\000c\000t\000i\000o\000n}{section.121}% 64
\BOOKMARK [1][-]{section.143}{\376\377\000A\000n\000a\000l\000y\000s\000i\000s\000\040\000a\000n\000d\000\040\000D\000i\000s\000c\000u\000s\000s\000i\000o\000n\000\040\000F\000r\000a\000m\000e\000w\000o\000r\000k}{chapter.116}% 65
\BOOKMARK [1][-]{section.144}{\376\377\000R\000e\000s\000u\000l\000t\000\040\000V\000i\000s\000u\000a\000l\000i\000z\000a\000t\000i\000o\000n\000s}{chapter.116}% 66
\BOOKMARK [2][-]{subsection.145}{\376\377\000B\000a\000s\000e\000l\000i\000n\000e\000\040\000v\000s\000.\000\040\000H\000y\000b\000r\000i\000d\000\040\000R\000e\000t\000r\000i\000e\000v\000a\000l\000\040\000C\000o\000m\000p\000a\000r\000i\000s\000o\000n}{section.144}% 67
\BOOKMARK [2][-]{subsection.147}{\376\377\000D\000e\000s\000i\000g\000n\000-\000P\000h\000a\000s\000e\000\040\000G\000r\000i\000d\000\040\000S\000e\000a\000r\000c\000h\000\040\000\050\000S\000u\000p\000e\000r\000s\000e\000d\000e\000d\000\040\000b\000y\000\040\000R\000R\000F\000\051}{section.144}% 68
\BOOKMARK [2][-]{subsection.149}{\376\377\000P\000e\000r\000-\000S\000o\000u\000r\000c\000e\000\040\000R\000e\000t\000r\000i\000e\000v\000a\000l\000\040\000D\000i\000s\000t\000r\000i\000b\000u\000t\000i\000o\000n}{section.144}% 69
\BOOKMARK [2][-]{subsection.151}{\376\377\000L\000a\000t\000e\000n\000c\000y\000\040\000b\000y\000\040\000Q\000u\000e\000r\000y\000\040\000C\000a\000t\000e\000g\000o\000r\000y}{section.144}% 70
\BOOKMARK [2][-]{subsection.153}{\376\377\000M\000u\000l\000t\000i\000-\000M\000e\000t\000r\000i\000c\000\040\000R\000a\000d\000a\000r\000\040\000C\000o\000m\000p\000a\000r\000i\000s\000o\000n}{section.144}% 71
\BOOKMARK [2][-]{subsection.155}{\376\377\000P\000e\000r\000-\000Q\000u\000e\000r\000y\000\040\000L\000a\000t\000e\000n\000c\000y\000\040\000S\000h\000i\000f\000t}{section.144}% 72
\BOOKMARK [2][-]{subsection.157}{\376\377\000E\000v\000a\000l\000u\000a\000t\000i\000o\000n\000\040\000S\000u\000m\000m\000a\000r\000y\000\040\000D\000a\000s\000h\000b\000o\000a\000r\000d}{section.144}% 73
\BOOKMARK [0][-]{chapter.159}{\376\377\000I\000m\000p\000l\000e\000m\000e\000n\000t\000a\000t\000i\000o\000n\000\040\000P\000r\000o\000g\000r\000e\000s\000s}{}% 74
\BOOKMARK [1][-]{section.160}{\376\377\000O\000v\000e\000r\000a\000l\000l\000\040\000I\000m\000p\000l\000e\000m\000e\000n\000t\000a\000t\000i\000o\000n\000\040\000S\000t\000a\000t\000u\000s}{chapter.159}% 75
\BOOKMARK [1][-]{section.162}{\376\377\000E\000x\000p\000a\000n\000d\000e\000d\000\040\000D\000a\000t\000a\000\040\000S\000o\000u\000r\000c\000e\000\040\000C\000o\000v\000e\000r\000a\000g\000e}{chapter.159}% 76
\BOOKMARK [1][-]{section.163}{\376\377\000E\000n\000h\000a\000n\000c\000e\000d\000\040\000P\000r\000e\000p\000r\000o\000c\000e\000s\000s\000i\000n\000g\000\040\000P\000i\000p\000e\000l\000i\000n\000e}{chapter.159}% 77
\BOOKMARK [1][-]{section.164}{\376\377\000A\000W\000S\000\040\000F\000r\000e\000e\000\040\000T\000i\000e\000r\000\040\000D\000e\000p\000l\000o\000y\000m\000e\000n\000t}{chapter.159}% 78
\BOOKMARK [1][-]{section.165}{\376\377\000T\000e\000s\000t\000\040\000C\000o\000v\000e\000r\000a\000g\000e}{chapter.159}% 79
\BOOKMARK [1][-]{section.166}{\376\377\000C\000u\000s\000t\000o\000m\000\040\000C\000l\000o\000u\000d\000W\000a\000t\000c\000h\000\040\000M\000e\000t\000r\000i\000c\000s}{chapter.159}% 80
\BOOKMARK [1][-]{section.173}{\376\377\000E\000n\000g\000i\000n\000e\000e\000r\000i\000n\000g\000\040\000O\000b\000s\000e\000r\000v\000a\000t\000i\000o\000n\000s}{chapter.159}% 81
\BOOKMARK [1][-]{section.174}{\376\377\000S\000y\000s\000t\000e\000m\000\040\000D\000e\000m\000o\000n\000s\000t\000r\000a\000t\000i\000o\000n}{chapter.159}% 82
\BOOKMARK [2][-]{subsection.175}{\376\377\000F\000r\000o\000n\000t\000e\000n\000d\000:\000\040\000H\000y\000b\000r\000i\000d\000\040\000R\000e\000t\000r\000i\000e\000v\000a\000l\000\040\000Q\000u\000e\000r\000y\000\040\000w\000i\000t\000h\000\040\000C\000i\000t\000a\000t\000i\000o\000n\000-\000G\000r\000o\000u\000n\000d\000e\000d\000\040\000R\000e\000s\000p\000o\000n\000s\000e}{section.174}% 83
\BOOKMARK [2][-]{subsection.177}{\376\377\000F\000r\000o\000n\000t\000e\000n\000d\000:\000\040\000B\000a\000s\000e\000l\000i\000n\000e\000\040\000v\000s\000.\000\040\000H\000y\000b\000r\000i\000d\000\040\000C\000o\000m\000p\000a\000r\000i\000s\000o\000n}{section.174}% 84
\BOOKMARK [2][-]{subsection.179}{\376\377\000U\000n\000i\000t\000\040\000T\000e\000s\000t\000\040\000E\000x\000e\000c\000u\000t\000i\000o\000n}{section.174}% 85
\BOOKMARK [2][-]{subsection.181}{\376\377\000D\000o\000c\000k\000e\000r\000\040\000C\000o\000m\000p\000o\000s\000e\000:\000\040\000R\000u\000n\000n\000i\000n\000g\000\040\000S\000e\000r\000v\000i\000c\000e\000s}{section.174}% 86
\BOOKMARK [2][-]{subsection.183}{\376\377\000C\000I\000/\000C\000D\000\040\000P\000i\000p\000e\000l\000i\000n\000e\000:\000\040\000G\000i\000t\000H\000u\000b\000\040\000A\000c\000t\000i\000o\000n\000s}{section.174}% 87
\BOOKMARK [2][-]{subsection.189}{\376\377\000D\000a\000t\000a\000b\000a\000s\000e\000:\000\040\000P\000o\000p\000u\000l\000a\000t\000e\000d\000\040\000C\000o\000r\000p\000u\000s\000\040\000f\000r\000o\000m\000\040\000F\000i\000v\000e\000\040\000S\000o\000u\000r\000c\000e\000s}{section.174}% 88
\BOOKMARK [0][-]{chapter.191}{\376\377\000R\000e\000m\000a\000i\000n\000i\000n\000g\000\040\000W\000o\000r\000k\000\040\000a\000n\000d\000\040\000L\000i\000m\000i\000t\000a\000t\000i\000o\000n\000s}{}% 89
\BOOKMARK [1][-]{section.192}{\376\377\000R\000e\000m\000a\000i\000n\000i\000n\000g\000\040\000W\000o\000r\000k}{chapter.191}% 90
\BOOKMARK [1][-]{section.194}{\376\377\000K\000n\000o\000w\000n\000\040\000L\000i\000m\000i\000t\000a\000t\000i\000o\000n\000s}{chapter.191}% 91
\BOOKMARK [1][-]{section.204}{\376\377\000P\000r\000o\000j\000e\000c\000t\000\040\000T\000i\000m\000e\000l\000i\000n\000e}{chapter.191}% 92
\BOOKMARK [1][-]{section.206}{\376\377\000F\000u\000t\000u\000r\000e\000\040\000E\000x\000t\000e\000n\000s\000i\000o\000n\000s}{chapter.191}% 93
\BOOKMARK [0][-]{chapter*.207}{\376\377\000R\000E\000F\000E\000R\000E\000N\000C\000E\000S}{}% 94
\BOOKMARK [0][-]{appendix.208}{\376\377\000S\000o\000u\000r\000c\000e\000\040\000C\000o\000d\000e\000\040\000A\000v\000a\000i\000l\000a\000b\000i\000l\000i\000t\000y}{}% 95
\BOOKMARK [0][-]{appendix.209}{\376\377\000S\000y\000s\000t\000e\000m\000\040\000D\000e\000m\000o\000n\000s\000t\000r\000a\000t\000i\000o\000n\000\040\000S\000c\000r\000e\000e\000n\000s\000h\000o\000t\000s}{}% 96
